{"level":"info","message":"Solve-X server successfully started on port 8000","timestamp":"2026-06-04T16:58:54.714Z"}
{"level":"info","message":"Health check active at http://localhost:8000/health","timestamp":"2026-06-04T16:58:54.714Z"}
{"level":"info","message":"Active environment: development","timestamp":"2026-06-04T16:58:54.714Z"}
{"level":"info","message":"Solve-X server successfully started on port 8000","timestamp":"2026-06-04T17:18:57.100Z"}
{"level":"info","message":"Health check active at http://localhost:8000/health","timestamp":"2026-06-04T17:18:57.102Z"}
{"level":"info","message":"Active environment: development","timestamp":"2026-06-04T17:18:57.102Z"}
{"level":"info","message":"Solve-X server successfully started on port 8000","timestamp":"2026-06-04T17:19:16.764Z"}
{"level":"info","message":"Health check active at http://localhost:8000/health","timestamp":"2026-06-04T17:19:16.764Z"}
{"level":"info","message":"Active environment: development","timestamp":"2026-06-04T17:19:16.764Z"}
{"level":"info","message":"Solve-X server successfully started on port 8000","timestamp":"2026-06-04T17:20:29.713Z"}
{"level":"info","message":"Health check active at http://localhost:8000/health","timestamp":"2026-06-04T17:20:29.713Z"}
{"level":"info","message":"Active environment: development","timestamp":"2026-06-04T17:20:29.713Z"}
{"level":"info","message":"Solve-X server successfully started on port 8000","timestamp":"2026-06-04T18:25:28.931Z"}
{"level":"info","message":"Health check active at http://localhost:8000/health","timestamp":"2026-06-04T18:25:28.934Z"}
{"level":"info","message":"Active environment: development","timestamp":"2026-06-04T18:25:28.934Z"}
{"level":"info","message":"Solve-X server successfully started on port 8000","timestamp":"2026-06-04T18:25:43.716Z"}
{"level":"info","message":"Health check active at http://localhost:8000/health","timestamp":"2026-06-04T18:25:43.716Z"}
{"level":"info","message":"Active environment: development","timestamp":"2026-06-04T18:25:43.716Z"}
{"level":"info","message":"Solve-X server successfully started on port 8000","timestamp":"2026-06-04T18:32:50.533Z"}
{"level":"info","message":"Health check active at http://localhost:8000/health","timestamp":"2026-06-04T18:32:50.534Z"}
{"level":"info","message":"Active environment: development","timestamp":"2026-06-04T18:32:50.534Z"}
{"level":"info","message":"Solve-X server successfully started on port 8000","timestamp":"2026-06-04T18:35:54.814Z"}
{"level":"info","message":"Health check active at http://localhost:8000/health","timestamp":"2026-06-04T18:35:54.814Z"}
{"level":"info","message":"Active environment: development","timestamp":"2026-06-04T18:35:54.815Z"}
{"level":"info","message":"Solve-X server successfully started on port 8000","timestamp":"2026-06-04T18:36:29.679Z"}
{"level":"info","message":"Health check active at http://localhost:8000/health","timestamp":"2026-06-04T18:36:29.679Z"}
{"level":"info","message":"Active environment: development","timestamp":"2026-06-04T18:36:29.680Z"}
{"level":"info","message":"Solve-X server successfully started on port 8000","timestamp":"2026-06-05T07:38:55.798Z"}
{"level":"info","message":"Health check active at http://localhost:8000/health","timestamp":"2026-06-05T07:38:55.799Z"}
{"level":"info","message":"Active environment: development","timestamp":"2026-06-05T07:38:55.800Z"}
{"level":"info","message":"Solve-X server successfully started on port 8000","timestamp":"2026-06-05T07:59:28.657Z"}
{"level":"info","message":"Health check active at http://localhost:8000/health","timestamp":"2026-06-05T07:59:28.657Z"}
{"level":"info","message":"Active environment: development","timestamp":"2026-06-05T07:59:28.658Z"}
{"level":"info","message":"Solve-X server successfully started on port 8000","timestamp":"2026-06-05T08:11:59.381Z"}
{"level":"info","message":"Health check active at http://localhost:8000/health","timestamp":"2026-06-05T08:11:59.381Z"}
{"level":"info","message":"Active environment: development","timestamp":"2026-06-05T08:11:59.381Z"}
{"level":"warn","message":"Validation failed","timestamp":"2026-06-05T12:16:31.490Z"}
{"level":"error","message":"Cannot set property query of #<IncomingMessage> which has only a getter - Stack: TypeError: Cannot set property query of #<IncomingMessage> which has only a getter\n    at file:///Users/magicmac/Library/CloudStorage/GoogleDrive-vishalkumarptn32@gmail.com/My%20Drive/project%20by%20Anshu%20trenner/Tranning/Solve-X/xServer/src/middlewares/validate.middleware.js:20:24\n    at Layer.handleRequest (/Users/magicmac/Library/CloudStorage/GoogleDrive-vishalkumarptn32@gmail.com/My Drive/project by Anshu trenner/Tranning/Solve-X/xServer/node_modules/router/lib/layer.js:152:17)\n    at next (/Users/magicmac/Library/CloudStorage/GoogleDrive-vishalkumarptn32@gmail.com/My Drive/project by Anshu trenner/Tranning/Solve-X/xServer/node_modules/router/lib/route.js:157:13)\n    at Route.dispatch (/Users/magicmac/Library/CloudStorage/GoogleDrive-vishalkumarptn32@gmail.com/My Drive/project by Anshu trenner/Tranning/Solve-X/xServer/node_modules/router/lib/route.js:117:3)\n    at handle (/Users/magicmac/Library/CloudStorage/GoogleDrive-vishalkumarptn32@gmail.com/My Drive/project by Anshu trenner/Tranning/Solve-X/xServer/node_modules/router/index.js:435:11)\n    at Layer.handleRequest (/Users/magicmac/Library/CloudStorage/GoogleDrive-vishalkumarptn32@gmail.com/My Drive/project by Anshu trenner/Tranning/Solve-X/xServer/node_modules/router/lib/layer.js:152:17)\n    at /Users/magicmac/Library/CloudStorage/GoogleDrive-vishalkumarptn32@gmail.com/My Drive/project by Anshu trenner/Tranning/Solve-X/xServer/node_modules/router/index.js:295:15\n    at param (/Users/magicmac/Library/CloudStorage/GoogleDrive-vishalkumarptn32@gmail.com/My Drive/project by Anshu trenner/Tranning/Solve-X/xServer/node_modules/router/index.js:600:14)\n    at param (/Users/magicmac/Library/CloudStorage/GoogleDrive-vishalkumarptn32@gmail.com/My Drive/project by Anshu trenner/Tranning/Solve-X/xServer/node_modules/router/index.js:610:14)\n    at processParams (/Users/magicmac/Library/CloudStorage/GoogleDrive-vishalkumarptn32@gmail.com/My Drive/project by Anshu trenner/Tranning/Solve-X/xServer/node_modules/router/index.js:664:3)","timestamp":"2026-06-05T12:16:46.715Z"}
{"level":"info","message":"Solve-X server successfully started on port 8000","timestamp":"2026-06-05T12:39:33.505Z"}
{"level":"info","message":"Health check active at http://localhost:8000/health","timestamp":"2026-06-05T12:39:33.505Z"}
{"level":"info","message":"Active environment: development","timestamp":"2026-06-05T12:39:33.505Z"}
